#
# There is insufficient memory for the Java Runtime Environment to continue.
# Native memory allocation (mmap) failed to map 264241152 bytes for Failed to commit area from 0x0000000704400000 to 0x0000000714000000 of length 264241152.
# Possible reasons:
#   The system is out of physical RAM or swap space
#   The process is running with CompressedOops enabled, and the Java Heap may be blocking the growth of the native heap
# Possible solutions:
#   Reduce memory load on the system
#   Increase physical memory or swap space
#   Check if swap backing store is full
#   Decrease Java heap size (-Xmx/-Xms)
#   Decrease number of Java threads
#   Decrease Java thread stack sizes (-Xss)
#   Set larger code cache with -XX:ReservedCodeCacheSize=
# This output file may be truncated or incomplete.
#
#  Out of Memory Error (./src/hotspot/os/windows/os_windows.cpp:3387), pid=10772, tid=17484
#
# JRE version:  (11.0.14.1+1) (build )
# Java VM: OpenJDK 64-Bit Server VM (11.0.14.1+1, mixed mode, sharing, tiered, compressed oops, g1 gc, windows-amd64)
# No core dump will be written. Minidumps are not enabled by default on client versions of Windows
#

---------------  S U M M A R Y ------------

Command Line: org.gradle.launcher.GradleMain -Dorg.gradle.jvmargs=-Xmx4096m --stop

Host: 11th Gen Intel(R) Core(TM) i7-1185G7 @ 3.00GHz, 8 cores, 15G,  Windows 11 , 64 bit Build 26100 (10.0.26100.3912)
Time: Thu May 15 08:48:59 2025 SE Asia Standard Time elapsed time: 1.109496 seconds (0d 0h 0m 1s)

---------------  T H R E A D  ---------------

Current thread (0x00000227f787c000):  JavaThread "Unknown thread" [_thread_in_vm, id=17484, stack(0x000000e3a5b00000,0x000000e3a5c00000)]

Stack: [0x000000e3a5b00000,0x000000e3a5c00000]
Native frames: (J=compiled Java code, j=interpreted, Vv=VM code, C=native code)
V  [jvm.dll+0x61e59a]
V  [jvm.dll+0x7aaca9]
V  [jvm.dll+0x7ac398]
V  [jvm.dll+0x7aca73]
V  [jvm.dll+0x24f9b8]
V  [jvm.dll+0x61b83a]
V  [jvm.dll+0x6100c5]
V  [jvm.dll+0x30772c]
V  [jvm.dll+0x3075b2]
V  [jvm.dll+0x30c2d6]
V  [jvm.dll+0x35272f]
V  [jvm.dll+0x352160]
V  [jvm.dll+0x2e4728]
V  [jvm.dll+0x2e5886]
V  [jvm.dll+0x784b07]
V  [jvm.dll+0x78628f]
V  [jvm.dll+0x35f479]
V  [jvm.dll+0x767aa0]
V  [jvm.dll+0x3ccf1f]
V  [jvm.dll+0x3cf2b1]
C  [jli.dll+0x5207]
C  [ucrtbase.dll+0x37b0]
C  [KERNEL32.DLL+0x2e8d7]
C  [ntdll.dll+0x9c5dc]


---------------  P R O C E S S  ---------------

Threads class SMR info:
_java_thread_list=0x00000227f55a4d80, length=0, elements={
}

Java Threads: ( => current thread )

Other Threads:
  0x00000227f7893800 GCTaskThread "GC Thread#0" [stack: 0x000000e3a5c00000,0x000000e3a5d00000] [id=6432]
  0x00000227f78f2800 ConcurrentGCThread "G1 Main Marker" [stack: 0x000000e3a5d00000,0x000000e3a5e00000] [id=2916]
  0x00000227f78f5000 ConcurrentGCThread "G1 Conc#0" [stack: 0x000000e3a5e00000,0x000000e3a5f00000] [id=10628]

[error occurred during error reporting (printing all threads), id 0xc0000005, EXCEPTION_ACCESS_VIOLATION (0xc0000005) at pc=0x00007ff995b23ef7]

VM state:not at safepoint (not fully initialized)

VM Mutex/Monitor currently owned by a thread:  ([mutex/lock_event])
[0x00000227f7870b50] Heap_lock - owner thread: 0x00000227f787c000

Heap address: 0x0000000704400000, size: 4028 MB, Compressed Oops mode: Non-zero based: 0x0000000704400000
Narrow klass base: 0x0000000000000000, Narrow klass shift: 0

GC Heap History (0 events):
No events

Deoptimization events (0 events):
No events

Classes redefined (0 events):
No events

Internal exceptions (0 events):
No events

Events (1 events):
Event: 0.006 Loaded shared library C:\Program Files\Unity\Hub\Editor\2022.3.62f1\Editor\Data\PlaybackEngines\AndroidPlayer\OpenJDK\bin\zip.dll


Dynamic libraries:
0x00007ff6bfea0000 - 0x00007ff6bfead000 	C:\Program Files\Unity\Hub\Editor\2022.3.62f1\Editor\Data\PlaybackEngines\AndroidPlayer\OpenJDK\bin\java.exe
0x00007ffa26340000 - 0x00007ffa265a6000 	C:\WINDOWS\SYSTEM32\ntdll.dll
0x00007ffa25760000 - 0x00007ffa25829000 	C:\WINDOWS\System32\KERNEL32.DLL
0x00007ffa239b0000 - 0x00007ffa23d7c000 	C:\WINDOWS\System32\KERNELBASE.dll
0x00007ffa23e10000 - 0x00007ffa23f5b000 	C:\WINDOWS\System32\ucrtbase.dll
0x00007ffa10050000 - 0x00007ffa10067000 	C:\Program Files\Unity\Hub\Editor\2022.3.62f1\Editor\Data\PlaybackEngines\AndroidPlayer\OpenJDK\bin\jli.dll
0x00007ffa10070000 - 0x00007ffa10085000 	C:\Program Files\Unity\Hub\Editor\2022.3.62f1\Editor\Data\PlaybackEngines\AndroidPlayer\OpenJDK\bin\VCRUNTIME140.dll
0x00007ffa25930000 - 0x00007ffa25afa000 	C:\WINDOWS\System32\USER32.dll
0x00007ffa03240000 - 0x00007ffa034da000 	C:\WINDOWS\WinSxS\amd64_microsoft.windows.common-controls_6595b64144ccf1df_6.0.26100.3912_none_3e07963ce335137e\COMCTL32.dll
0x00007ffa23f60000 - 0x00007ffa23f87000 	C:\WINDOWS\System32\win32u.dll
0x00007ffa24200000 - 0x00007ffa242a9000 	C:\WINDOWS\System32\msvcrt.dll
0x00007ffa24ae0000 - 0x00007ffa24b0b000 	C:\WINDOWS\System32\GDI32.dll
0x00007ffa23870000 - 0x00007ffa239a2000 	C:\WINDOWS\System32\gdi32full.dll
0x00007ffa23f90000 - 0x00007ffa24033000 	C:\WINDOWS\System32\msvcp_win.dll
0x00007ffa24d90000 - 0x00007ffa24dc0000 	C:\WINDOWS\System32\IMM32.DLL
0x00007ff9f6dc0000 - 0x00007ff9f6e5b000 	C:\Program Files\Unity\Hub\Editor\2022.3.62f1\Editor\Data\PlaybackEngines\AndroidPlayer\OpenJDK\bin\msvcp140.dll
0x00007ff995830000 - 0x00007ff9963b1000 	C:\Program Files\Unity\Hub\Editor\2022.3.62f1\Editor\Data\PlaybackEngines\AndroidPlayer\OpenJDK\bin\server\jvm.dll
0x00007ffa24300000 - 0x00007ffa243b2000 	C:\WINDOWS\System32\ADVAPI32.dll
0x00007ffa24c30000 - 0x00007ffa24cd6000 	C:\WINDOWS\System32\sechost.dll
0x00007ffa24b10000 - 0x00007ffa24c26000 	C:\WINDOWS\System32\RPCRT4.dll
0x00007ffa25830000 - 0x00007ffa25838000 	C:\WINDOWS\System32\PSAPI.DLL
0x00007ff9ebd70000 - 0x00007ff9ebd7a000 	C:\WINDOWS\SYSTEM32\WSOCK32.dll
0x00007ffa19220000 - 0x00007ffa19256000 	C:\WINDOWS\SYSTEM32\WINMM.dll
0x00007ffa12cb0000 - 0x00007ffa12cbb000 	C:\WINDOWS\SYSTEM32\VERSION.dll
0x00007ffa24dd0000 - 0x00007ffa24e44000 	C:\WINDOWS\System32\WS2_32.dll
0x00007ffa22220000 - 0x00007ffa2223a000 	C:\WINDOWS\SYSTEM32\kernel.appcore.dll
0x00007ffa10e60000 - 0x00007ffa10e70000 	C:\Program Files\Unity\Hub\Editor\2022.3.62f1\Editor\Data\PlaybackEngines\AndroidPlayer\OpenJDK\bin\verify.dll
0x00007ffa20bf0000 - 0x00007ffa20e31000 	C:\WINDOWS\SYSTEM32\DBGHELP.DLL
0x00007ffa24420000 - 0x00007ffa247a4000 	C:\WINDOWS\System32\combase.dll
0x00007ffa25840000 - 0x00007ffa25920000 	C:\WINDOWS\System32\OLEAUT32.dll
0x00007ffa05d60000 - 0x00007ffa05d99000 	C:\WINDOWS\SYSTEM32\dbgcore.DLL
0x00007ffa23650000 - 0x00007ffa236e9000 	C:\WINDOWS\System32\bcryptPrimitives.dll
0x00007ffa0f0c0000 - 0x00007ffa0f0e8000 	C:\Program Files\Unity\Hub\Editor\2022.3.62f1\Editor\Data\PlaybackEngines\AndroidPlayer\OpenJDK\bin\java.dll
0x00007ffa0fec0000 - 0x00007ffa0feca000 	C:\Program Files\Unity\Hub\Editor\2022.3.62f1\Editor\Data\PlaybackEngines\AndroidPlayer\OpenJDK\bin\jimage.dll
0x00007ffa0f9a0000 - 0x00007ffa0f9b8000 	C:\Program Files\Unity\Hub\Editor\2022.3.62f1\Editor\Data\PlaybackEngines\AndroidPlayer\OpenJDK\bin\zip.dll

dbghelp: loaded successfully - version: 4.0.5 - missing functions: none
symbol engine: initialized successfully - sym options: 0x614 - pdb path: .;C:\Program Files\Unity\Hub\Editor\2022.3.62f1\Editor\Data\PlaybackEngines\AndroidPlayer\OpenJDK\bin;C:\WINDOWS\SYSTEM32;C:\WINDOWS\WinSxS\amd64_microsoft.windows.common-controls_6595b64144ccf1df_6.0.26100.3912_none_3e07963ce335137e;C:\Program Files\Unity\Hub\Editor\2022.3.62f1\Editor\Data\PlaybackEngines\AndroidPlayer\OpenJDK\bin\server

VM Arguments:
java_command: org.gradle.launcher.GradleMain -Dorg.gradle.jvmargs=-Xmx4096m --stop
java_class_path (initial): C:\Program Files\Unity\Hub\Editor\2022.3.62f1\Editor\Data\PlaybackEngines\AndroidPlayer\Tools\gradle\lib\gradle-launcher-7.5.1.jar
Launcher Type: SUN_STANDARD

[Global flags]
     intx CICompilerCount                          = 4                                         {product} {ergonomic}
     uint ConcGCThreads                            = 2                                         {product} {ergonomic}
     uint G1ConcRefinementThreads                  = 8                                         {product} {ergonomic}
   size_t G1HeapRegionSize                         = 1048576                                   {product} {ergonomic}
    uintx GCDrainStackTargetSize                   = 64                                        {product} {ergonomic}
   size_t InitialHeapSize                          = 264241152                                 {product} {ergonomic}
   size_t MarkStackSize                            = 4194304                                   {product} {ergonomic}
   size_t MaxHeapSize                              = 4223664128                                {product} {ergonomic}
   size_t MinHeapDeltaBytes                        = 1048576                                   {product} {ergonomic}
    uintx NonNMethodCodeHeapSize                   = 5836300                                {pd product} {ergonomic}
    uintx NonProfiledCodeHeapSize                  = 122910970                              {pd product} {ergonomic}
    uintx ProfiledCodeHeapSize                     = 122910970                              {pd product} {ergonomic}
    uintx ReservedCodeCacheSize                    = 251658240                              {pd product} {ergonomic}
     bool SegmentedCodeCache                       = true                                      {product} {ergonomic}
     bool UseCompressedClassPointers               = true                                 {lp64_product} {ergonomic}
     bool UseCompressedOops                        = true                                 {lp64_product} {ergonomic}
     bool UseG1GC                                  = true                                      {product} {ergonomic}
     bool UseLargePagesIndividualAllocation        = false                                  {pd product} {ergonomic}

Logging:
Log output configuration:
 #0: stdout all=warning uptime,level,tags
 #1: stderr all=off uptime,level,tags

Environment Variables:
JAVA_HOME=C:\Program Files\Unity\Hub\Editor\2022.3.62f1\Editor\Data\PlaybackEngines\AndroidPlayer\OpenJDK
PATH=C:\Program Files\Common Files\Oracle\Java\javapath;C:\ActiveTcl\bin;C:\Program Files (x86)\Common Files\Oracle\Java\javapath;C:\WINDOWS\system32;C:\WINDOWS;C:\WINDOWS\System32\Wbem;C:\WINDOWS\System32\WindowsPowerShell\v1.0\;C:\WINDOWS\System32\OpenSSH\;C:\Program Files\dotnet\;C:\Program Files\Git\cmd;C:\Program Files (x86)\GtkSharp\2.12\bin;C:\Program Files\nodejs\;C:\Users\Admins\AppData\Local\Programs\Python\Python312\Scripts\;C:\Users\Admins\AppData\Local\Programs\Python\Python312\;C:\Users\Admins\AppData\Local\Microsoft\WindowsApps;C:\Users\Admins\OneDrive\Hi`nh a?nh\Máy tính\ffmpeg\bin;C:\Users\Admins\AppData\Local\GitHubDesktop\bin;C:\Users\Admins\.dotnet\tools;C:\Users\Admins\AppData\Local\Muse Hub\lib;C:\Microsoft VS Code\bin;C:\Users\Admins\AppData\Roaming\npm
USERNAME=Admins
OS=Windows_NT
PROCESSOR_IDENTIFIER=Intel64 Family 6 Model 140 Stepping 1, GenuineIntel



---------------  S Y S T E M  ---------------

OS: Windows 11 , 64 bit Build 26100 (10.0.26100.3912)
OS uptime: 0 days 1:41 hours
Hyper-V role detected

CPU:total 8 (initial active 8) (4 cores per cpu, 2 threads per core) family 6 model 140 stepping 1 microcode 0xbc, cmov, cx8, fxsr, mmx, sse, sse2, sse3, ssse3, sse4.1, sse4.2, popcnt, avx, avx2, aes, clmul, erms, 3dnowpref, lzcnt, ht, tsc, tscinvbit, bmi1, bmi2, adx, evex, sha, fma

Memory: 4k page, system-wide physical 16110M (3120M free)
TotalPageFile size 16110M (AvailPageFile size 142M)
current process WorkingSet (physical memory assigned to process): 12M, peak: 12M
current process commit charge ("private bytes"): 61M, peak: 313M

vm_info: OpenJDK 64-Bit Server VM (11.0.14.1+1) for windows-amd64 JRE (11.0.14.1+1), built on Feb  9 2022 01:48:27 by "" with unknown MS VC++:1916

END.
